<?xml version="1.0" encoding="UTF-8"?>
<testng-results skipped="0" failed="0" ignored="0" total="1" passed="1">
  <reporter-output>
    <line>
      <![CDATA[Test Initiated]]>
    </line>
    <line>
      <![CDATA[Launch chrome browser]]>
    </line>
    <line>
      <![CDATA[Open trivago.de page]]>
    </line>
    <line>
      <![CDATA[EnterHotelnameOrDestination field is detected and destination name 'Hamburg' is entered]]>
    </line>
    <line>
      <![CDATA[FromCalenderMonth element is detected and date is selected ]]>
    </line>
    <line>
      <![CDATA[ToCalenderMonth element is detected and date is selected ]]>
    </line>
    <line>
      <![CDATA[SearchButton element is detected and clicked. This will wait to fetch the hotel list ]]>
    </line>
    <line>
      <![CDATA[List of hotels searched in the city on Homepage of trivago.de is displayed ]]>
    </line>
    <line>
      <![CDATA[Unser niedrigster Preis element is detected and clicked ]]>
    </line>
    <line>
      <![CDATA[Option from Angebote is selected and the selected hotel detail is opened in a new tab]]>
    </line>
    <line>
      <![CDATA[Post this step, the security blocks further execution via automated scripts]]>
    </line>
  </reporter-output>
  <suite name="Suite" duration-ms="78042" started-at="2020-08-27T02:39:17Z" finished-at="2020-08-27T02:40:36Z">
    <groups>
    </groups>
    <test name="Test" duration-ms="78042" started-at="2020-08-27T02:39:17Z" finished-at="2020-08-27T02:40:36Z">
      <class name="test.SearchHotelsTest">
        <test-method status="PASS" signature="openBrowser()[pri:0, instance:test.SearchHotelsTest@2b6856dd]" name="openBrowser" is-config="true" duration-ms="8916" started-at="2020-08-27T02:39:18Z" finished-at="2020-08-27T02:39:26Z">
          <reporter-output>
            <line>
              <![CDATA[Test Initiated]]>
            </line>
            <line>
              <![CDATA[Launch chrome browser]]>
            </line>
            <line>
              <![CDATA[Open trivago.de page]]>
            </line>
          </reporter-output>
        </test-method> <!-- openBrowser -->
        <test-method status="PASS" signature="SearchHotelTest()[pri:0, instance:test.SearchHotelsTest@2b6856dd]" name="SearchHotelTest" duration-ms="68330" started-at="2020-08-27T02:39:26Z" description="Search Hotel in Hamburg" finished-at="2020-08-27T02:40:35Z">
          <reporter-output>
            <line>
              <![CDATA[EnterHotelnameOrDestination field is detected and destination name 'Hamburg' is entered]]>
            </line>
            <line>
              <![CDATA[FromCalenderMonth element is detected and date is selected ]]>
            </line>
            <line>
              <![CDATA[ToCalenderMonth element is detected and date is selected ]]>
            </line>
            <line>
              <![CDATA[SearchButton element is detected and clicked. This will wait to fetch the hotel list ]]>
            </line>
            <line>
              <![CDATA[List of hotels searched in the city on Homepage of trivago.de is displayed ]]>
            </line>
            <line>
              <![CDATA[Unser niedrigster Preis element is detected and clicked ]]>
            </line>
            <line>
              <![CDATA[Option from Angebote is selected and the selected hotel detail is opened in a new tab]]>
            </line>
            <line>
              <![CDATA[Post this step, the security blocks further execution via automated scripts]]>
            </line>
          </reporter-output>
        </test-method> <!-- SearchHotelTest -->
        <test-method status="PASS" signature="closeBrowser()[pri:0, instance:test.SearchHotelsTest@2b6856dd]" name="closeBrowser" is-config="true" duration-ms="758" started-at="2020-08-27T02:40:35Z" finished-at="2020-08-27T02:40:36Z">
          <reporter-output>
          </reporter-output>
        </test-method> <!-- closeBrowser -->
      </class> <!-- test.SearchHotelsTest -->
    </test> <!-- Test -->
  </suite> <!-- Suite -->
</testng-results>
